Using pre-set license
Built from '2020.2/release' branch; Version is '2020.2.2f1 (068178b99f32) revision 426360'; Using compiler version '192528614'; Build Type 'Release'
OS: 'Windows 10 Home; OS build 19041.867; Version 2004; 64bit' Language: 'en' Physical Memory: 16275 MB
BatchMode: 1, IsHumanControllingUs: 0, StartBugReporterOnCrash: 0, Is64bit: 1, IsPro: 0

 COMMAND LINE ARGUMENTS:
C:\Program Files\Unity\Editor\Unity.exe
-adb2
-batchMode
-noUpm
-name
AssetImportWorker0
-projectPath
C:/Users/TC/Desktop/CS461 Computer Game Programming/Projects/MixWorld/FarmWorld
-logFile
Logs/AssetImportWorker0.log
-srvPort
56134
Successfully changed project path to: C:/Users/TC/Desktop/CS461 Computer Game Programming/Projects/MixWorld/FarmWorld
C:/Users/TC/Desktop/CS461 Computer Game Programming/Projects/MixWorld/FarmWorld
Using Asset Import Pipeline V2.
Refreshing native plugins compatible for Editor in 62.45 ms, found 0 plugins.
Preloading 0 native plugins for Editor in 0.00 ms.
Initialize engine version: 2020.2.2f1 (068178b99f32)
[Subsystems] Discovering subsystems at path C:/Program Files/Unity/Editor/Data/Resources/UnitySubsystems
[Subsystems] Discovering subsystems at path C:/Users/TC/Desktop/CS461 Computer Game Programming/Projects/MixWorld/FarmWorld/Assets
GfxDevice: creating device client; threaded=0
Direct3D:
    Version:  Direct3D 11.0 [level 11.1]
    Renderer: NVIDIA GeForce GTX 1060 (ID=0x1c20)
    Vendor:   
    VRAM:     6061 MB
    Driver:   23.21.13.8873
Initialize mono
Mono path[0] = 'C:/Program Files/Unity/Editor/Data/Managed'
Mono path[1] = 'C:/Program Files/Unity/Editor/Data/MonoBleedingEdge/lib/mono/unityjit'
Mono config path = 'C:/Program Files/Unity/Editor/Data/MonoBleedingEdge/etc'
Using monoOptions --debugger-agent=transport=dt_socket,embedding=1,server=y,suspend=n,address=127.0.0.1:56700
Begin MonoManager ReloadAssembly
Registering precompiled unity dll's ...
Register platform support module: C:/Program Files/Unity/Editor/Data/PlaybackEngines/WindowsStandaloneSupport/UnityEditor.WindowsStandalone.Extensions.dll
Registered in 0.002602 seconds.
Native extension for WindowsStandalone target not found
Refreshing native plugins compatible for Editor in 61.75 ms, found 0 plugins.
Preloading 0 native plugins for Editor in 0.00 ms.
Invoked RoslynAnalysisRunner static constructor.
RoslynAnalysisRunner will not be running.
RoslynAnalysisRunner has terminated.
Mono: successfully reloaded assembly
- Completed reload, in  1.400 seconds
Platform modules already initialized, skipping
Registering precompiled user dll's ...
Registered in 0.001028 seconds.
Begin MonoManager ReloadAssembly
Native extension for WindowsStandalone target not found
Refreshing native plugins compatible for Editor in 0.45 ms, found 0 plugins.
Preloading 0 native plugins for Editor in 0.00 ms.
Invoked RoslynAnalysisRunner static constructor.
RoslynAnalysisRunner will not be running.
RoslynAnalysisRunner has terminated.
Mono: successfully reloaded assembly
- Completed reload, in  1.208 seconds
Platform modules already initialized, skipping
========================================================================
Worker process is ready to serve import requests
Launched and connected shader compiler UnityShaderCompiler.exe after 0.07 seconds
Refreshing native plugins compatible for Editor in 1.03 ms, found 0 plugins.
Preloading 0 native plugins for Editor in 0.00 ms.
Unloading 1390 Unused Serialized files (Serialized files now loaded: 0)
System memory in use before: 76.5 MB.
System memory in use after: 76.3 MB.

Unloading 12 unused Assets to reduce memory usage. Loaded Objects now: 1844.
Total: 5.077000 ms (FindLiveObjects: 0.431500 ms CreateObjectMapping: 0.229400 ms MarkObjects: 3.595900 ms  DeleteObjects: 0.816400 ms)

========================================================================
Received Import Request.
  path: Assets/All Packages Demo/3D UI Elements/Prefabs/Hi
  artifactKey: Guid(2308b8c2e9b027d449b81c7d3215808b) Importer(815301076,1909f56bfc062723c751e8b465ee728b)
Start importing Assets/All Packages Demo/3D UI Elements/Prefabs/Hi using Guid(2308b8c2e9b027d449b81c7d3215808b) Importer(815301076,1909f56bfc062723c751e8b465ee728b)  -> (artifact id: '1250548d5ce926bfd78360909070b8a1') in 0.017531 seconds
  Import took 0.022344 seconds .

========================================================================
Received Import Request.
  Time since last request: 0.476233 seconds.
  path: Assets/All Packages Demo/3D_Font_Art_Pack/Retro/Texture
  artifactKey: Guid(ae36a4259f2d9c2408c3ed17ae0de713) Importer(815301076,1909f56bfc062723c751e8b465ee728b)
Start importing Assets/All Packages Demo/3D_Font_Art_Pack/Retro/Texture using Guid(ae36a4259f2d9c2408c3ed17ae0de713) Importer(815301076,1909f56bfc062723c751e8b465ee728b)  -> (artifact id: 'a4b6fb4c18e332f26be2e8e17e63c838') in 0.009643 seconds
  Import took 0.014049 seconds .

========================================================================
Received Import Request.
  Time since last request: 0.855872 seconds.
  path: Assets/Scenes/farmWorld.unity
  artifactKey: Guid(bc881e5cbe48cfd4ebf0a191122ab0ea) Importer(815301076,1909f56bfc062723c751e8b465ee728b)
Start importing Assets/Scenes/farmWorld.unity using Guid(bc881e5cbe48cfd4ebf0a191122ab0ea) Importer(815301076,1909f56bfc062723c751e8b465ee728b)  -> (artifact id: '98850f82d8806f6f458df308475eaec1') in 0.019453 seconds
  Import took 0.022424 seconds .

========================================================================
Received Import Request.
  Time since last request: 0.537824 seconds.
  path: Assets/All Packages Demo/3D UI Elements/Scene
  artifactKey: Guid(d871ba2ca6db6ec48b93c114a01ed59d) Importer(815301076,1909f56bfc062723c751e8b465ee728b)
Start importing Assets/All Packages Demo/3D UI Elements/Scene using Guid(d871ba2ca6db6ec48b93c114a01ed59d) Importer(815301076,1909f56bfc062723c751e8b465ee728b)  -> (artifact id: '77c20c349fec3b5fe6d3840d25cd82b0') in 0.010162 seconds
  Import took 0.012755 seconds .

========================================================================
Received Import Request.
  Time since last request: 2.039619 seconds.
  path: Assets/All Packages Demo/3D Low Poly Worlds/Mountain/Prefabs
  artifactKey: Guid(7a763a306969cd245b15778b52461ccb) Importer(815301076,1909f56bfc062723c751e8b465ee728b)
Start importing Assets/All Packages Demo/3D Low Poly Worlds/Mountain/Prefabs using Guid(7a763a306969cd245b15778b52461ccb) Importer(815301076,1909f56bfc062723c751e8b465ee728b)  -> (artifact id: '021ca1547abce8c67737e49de0e78412') in 0.009267 seconds
  Import took 0.012479 seconds .

========================================================================
Received Import Request.
  Time since last request: 0.271824 seconds.
  path: Assets/All Packages Demo/3D UI Elements/Prefabs
  artifactKey: Guid(1e340bb38412c414f9dc8c8f1f6a4042) Importer(815301076,1909f56bfc062723c751e8b465ee728b)
Start importing Assets/All Packages Demo/3D UI Elements/Prefabs using Guid(1e340bb38412c414f9dc8c8f1f6a4042) Importer(815301076,1909f56bfc062723c751e8b465ee728b)  -> (artifact id: 'e1ff70534b685d93740212fa56e855e1') in 0.005401 seconds
  Import took 0.008921 seconds .

========================================================================
Received Import Request.
  Time since last request: 0.518845 seconds.
  path: Assets/All Packages Demo/Skybox Pack 8k UHD/Textures
  artifactKey: Guid(1dde3accaf7b10749b5a1cd3b73a7c8a) Importer(815301076,1909f56bfc062723c751e8b465ee728b)
Start importing Assets/All Packages Demo/Skybox Pack 8k UHD/Textures using Guid(1dde3accaf7b10749b5a1cd3b73a7c8a) Importer(815301076,1909f56bfc062723c751e8b465ee728b)  -> (artifact id: 'a20562e18e0ca40d037e217b40502775') in 0.009005 seconds
  Import took 0.011911 seconds .

========================================================================
Received Import Request.
  Time since last request: 0.092034 seconds.
  path: Assets/All Packages Demo/3D_Font_Art_Pack/Retro/Fbx/Hi_Med_Low
  artifactKey: Guid(60adec71ce265c44fa3b2ed576fa3204) Importer(815301076,1909f56bfc062723c751e8b465ee728b)
Start importing Assets/All Packages Demo/3D_Font_Art_Pack/Retro/Fbx/Hi_Med_Low using Guid(60adec71ce265c44fa3b2ed576fa3204) Importer(815301076,1909f56bfc062723c751e8b465ee728b)  -> (artifact id: '8956293261af666c10ef7a7691c4b307') in 0.009639 seconds
  Import took 0.013269 seconds .

========================================================================
Received Import Request.
  Time since last request: 0.637152 seconds.
  path: Assets/All Packages Demo/3D_Font_Art_Pack/Retro/Scene
  artifactKey: Guid(bbb310b72ac3f504ba200eb8343d42ab) Importer(815301076,1909f56bfc062723c751e8b465ee728b)
Start importing Assets/All Packages Demo/3D_Font_Art_Pack/Retro/Scene using Guid(bbb310b72ac3f504ba200eb8343d42ab) Importer(815301076,1909f56bfc062723c751e8b465ee728b)  -> (artifact id: 'ef105a735d15783a3a0988dda20f0af3') in 0.008669 seconds
  Import took 0.012987 seconds .

========================================================================
Received Import Request.
  Time since last request: 0.011647 seconds.
  path: Assets/All Packages Demo/3D Low Poly Worlds/Mountain/Textures
  artifactKey: Guid(36ebec6b81f0ad04b9e7a6935730130d) Importer(815301076,1909f56bfc062723c751e8b465ee728b)
Start importing Assets/All Packages Demo/3D Low Poly Worlds/Mountain/Textures using Guid(36ebec6b81f0ad04b9e7a6935730130d) Importer(815301076,1909f56bfc062723c751e8b465ee728b)  -> (artifact id: '2d0200b10ebe3c6a98bca6c153162b79') in 0.003243 seconds
  Import took 0.005996 seconds .

========================================================================
Received Import Request.
  Time since last request: 2.638238 seconds.
  path: Assets/All Packages Demo/3D_Font_Art_Pack/Retro/Scene/FontSettings.lighting
  artifactKey: Guid(6e67fd597a0c9e248b477f2feb8b91e5) Importer(815301076,1909f56bfc062723c751e8b465ee728b)
Start importing Assets/All Packages Demo/3D_Font_Art_Pack/Retro/Scene/FontSettings.lighting using Guid(6e67fd597a0c9e248b477f2feb8b91e5) Importer(815301076,1909f56bfc062723c751e8b465ee728b) LightingSettings: switching bake backend from 1 to 0.
 -> (artifact id: 'a303b6a9bdfbe8bfc5cb2d28fb0be19c') in 0.049814 seconds
  Import took 0.053462 seconds .

========================================================================
Received Import Request.
  Time since last request: 0.443797 seconds.
  path: Assets/All Packages Demo/Skybox Pack 8k UHD/Scenes/Scene_002.unity
  artifactKey: Guid(58f764602ad48c44dba64bbad9ff13c4) Importer(815301076,1909f56bfc062723c751e8b465ee728b)
Start importing Assets/All Packages Demo/Skybox Pack 8k UHD/Scenes/Scene_002.unity using Guid(58f764602ad48c44dba64bbad9ff13c4) Importer(815301076,1909f56bfc062723c751e8b465ee728b)  -> (artifact id: 'b4334c4ce9044f17dadac379b43cd0e3') in 0.009390 seconds
  Import took 0.013387 seconds .

========================================================================
Received Import Request.
  Time since last request: 0.760883 seconds.
  path: Assets/All Packages Demo/3D UI Elements/Prefabs/Med
  artifactKey: Guid(bb3ec7f9187287a468152515e17f6acd) Importer(815301076,1909f56bfc062723c751e8b465ee728b)
Start importing Assets/All Packages Demo/3D UI Elements/Prefabs/Med using Guid(bb3ec7f9187287a468152515e17f6acd) Importer(815301076,1909f56bfc062723c751e8b465ee728b)  -> (artifact id: '297f77bb17ad27bf4e9efd38b14068b4') in 0.007332 seconds
  Import took 0.010501 seconds .

========================================================================
Received Import Request.
  Time since last request: 0.824559 seconds.
  path: Assets/All Packages Demo/3D Low Poly Worlds/Mountain/Scene/Mountain_Scene.unity
  artifactKey: Guid(aba7d05efcc791243be8990191e95aa2) Importer(815301076,1909f56bfc062723c751e8b465ee728b)
Start importing Assets/All Packages Demo/3D Low Poly Worlds/Mountain/Scene/Mountain_Scene.unity using Guid(aba7d05efcc791243be8990191e95aa2) Importer(815301076,1909f56bfc062723c751e8b465ee728b)  -> (artifact id: '2113af6b329a873664a8be7328c62ca7') in 0.008800 seconds
  Import took 0.011671 seconds .

========================================================================
Received Import Request.
  Time since last request: 0.609982 seconds.
  path: Assets/All Packages Demo/3D UI Elements/Fbx/Med/Youtube_6.FBX
  artifactKey: Guid(59728a89b03f7d84492ab56b51d679fe) Importer(815301076,1909f56bfc062723c751e8b465ee728b)
Start importing Assets/All Packages Demo/3D UI Elements/Fbx/Med/Youtube_6.FBX using Guid(59728a89b03f7d84492ab56b51d679fe) Importer(815301076,1909f56bfc062723c751e8b465ee728b)  -> (artifact id: '8eecf7a870de4c4aa6079523096d7b50') in 0.202479 seconds
  Import took 0.205341 seconds .

========================================================================
Received Import Request.
  Time since last request: 3.723809 seconds.
  path: Assets/All Packages Demo
  artifactKey: Guid(7a5ef75aa6b800a4892f7b1bd8cb832b) Importer(815301076,1909f56bfc062723c751e8b465ee728b)
Start importing Assets/All Packages Demo using Guid(7a5ef75aa6b800a4892f7b1bd8cb832b) Importer(815301076,1909f56bfc062723c751e8b465ee728b)  -> (artifact id: '34de2342b9ad8e160a80a2595d8274aa') in 0.008342 seconds
  Import took 0.011242 seconds .

========================================================================
Received Import Request.
  Time since last request: 0.797791 seconds.
  path: Assets/All Packages Demo/3D_Font_Art_Pack/Retro/Fbx
  artifactKey: Guid(5042b33a602df4647b8a17ac04d4aa86) Importer(815301076,1909f56bfc062723c751e8b465ee728b)
Start importing Assets/All Packages Demo/3D_Font_Art_Pack/Retro/Fbx using Guid(5042b33a602df4647b8a17ac04d4aa86) Importer(815301076,1909f56bfc062723c751e8b465ee728b)  -> (artifact id: '26a7c8fd0a04f6e592831af1ebef5da3') in 0.008531 seconds
  Import took 0.011818 seconds .

========================================================================
Received Import Request.
  Time since last request: 0.043762 seconds.
  path: Assets/All Packages Demo/Skybox Pack 8k UHD/Scenes/Scene_001Settings.lighting
  artifactKey: Guid(09203cc0e76e74745b8c3b1e0d02ad54) Importer(815301076,1909f56bfc062723c751e8b465ee728b)
Start importing Assets/All Packages Demo/Skybox Pack 8k UHD/Scenes/Scene_001Settings.lighting using Guid(09203cc0e76e74745b8c3b1e0d02ad54) Importer(815301076,1909f56bfc062723c751e8b465ee728b) LightingSettings: switching bake backend from 1 to 0.
 -> (artifact id: '104db567cd64e39f177fc6ef13d1143d') in 0.009501 seconds
  Import took 0.012779 seconds .

========================================================================
Received Import Request.
  Time since last request: 0.977315 seconds.
  path: Assets/All Packages Demo/3D Low Poly Worlds/Mountain/Fbx
  artifactKey: Guid(9b0012f315c3eaf4aac8eff0e15f7ecd) Importer(815301076,1909f56bfc062723c751e8b465ee728b)
Start importing Assets/All Packages Demo/3D Low Poly Worlds/Mountain/Fbx using Guid(9b0012f315c3eaf4aac8eff0e15f7ecd) Importer(815301076,1909f56bfc062723c751e8b465ee728b)  -> (artifact id: '6f70d83db76087a42ef2cd56094d0b05') in 0.004067 seconds
  Import took 0.008544 seconds .

========================================================================
Received Import Request.
  Time since last request: 1.416649 seconds.
  path: Assets/All Packages Demo/Skybox Pack 8k UHD
  artifactKey: Guid(3b41508a3f1ace24cad0b81710b348a2) Importer(815301076,1909f56bfc062723c751e8b465ee728b)
Start importing Assets/All Packages Demo/Skybox Pack 8k UHD using Guid(3b41508a3f1ace24cad0b81710b348a2) Importer(815301076,1909f56bfc062723c751e8b465ee728b)  -> (artifact id: 'cc5ea55fd57e78a53a1a9d02a0a0d3c4') in 0.008727 seconds
  Import took 0.012434 seconds .

========================================================================
Received Import Request.
  Time since last request: 1.027648 seconds.
  path: Assets/All Packages Demo/Skybox Pack 8k UHD/Scenes/Scene_002Settings.lighting
  artifactKey: Guid(80da9acfa2b6ef14aa71b6a9e29ac0b3) Importer(815301076,1909f56bfc062723c751e8b465ee728b)
Start importing Assets/All Packages Demo/Skybox Pack 8k UHD/Scenes/Scene_002Settings.lighting using Guid(80da9acfa2b6ef14aa71b6a9e29ac0b3) Importer(815301076,1909f56bfc062723c751e8b465ee728b) LightingSettings: switching bake backend from 1 to 0.
 -> (artifact id: '910acb69807d3c67ebc6a518386560bf') in 0.009648 seconds
  Import took 0.012356 seconds .

========================================================================
Received Import Request.
  Time since last request: 0.570716 seconds.
  path: Assets/Scripts/PlayerController.cs
  artifactKey: Guid(4db16df8708e63b46b52afea7b759858) Importer(815301076,1909f56bfc062723c751e8b465ee728b)
Start importing Assets/Scripts/PlayerController.cs using Guid(4db16df8708e63b46b52afea7b759858) Importer(815301076,1909f56bfc062723c751e8b465ee728b)  -> (artifact id: '588493219d781527221564416f034b78') in 0.017286 seconds
  Import took 0.020853 seconds .

========================================================================
Received Import Request.
  Time since last request: 0.365603 seconds.
  path: Assets/All Packages Demo/3D UI Elements/Prefabs/Med/360_3.prefab
  artifactKey: Guid(a3b206cb66445b7419120df45e6768ea) Importer(815301076,1909f56bfc062723c751e8b465ee728b)
Start importing Assets/All Packages Demo/3D UI Elements/Prefabs/Med/360_3.prefab using Guid(a3b206cb66445b7419120df45e6768ea) Importer(815301076,1909f56bfc062723c751e8b465ee728b)  -> (artifact id: 'f1f143c48e280a2686d9c84e47825c80') in 0.024116 seconds
  Import took 0.028378 seconds .

========================================================================
Received Import Request.
  Time since last request: 2.436189 seconds.
  path: Assets/All Packages Demo/3D UI Elements/Fbx/Low
  artifactKey: Guid(253c5524280b97c4ba35ed6475e319a3) Importer(815301076,1909f56bfc062723c751e8b465ee728b)
Start importing Assets/All Packages Demo/3D UI Elements/Fbx/Low using Guid(253c5524280b97c4ba35ed6475e319a3) Importer(815301076,1909f56bfc062723c751e8b465ee728b)  -> (artifact id: '3e12ef2669f811f7a017210e69a01840') in 0.009883 seconds
  Import took 0.013405 seconds .

========================================================================
Received Import Request.
  Time since last request: 3.692187 seconds.
  path: Assets/All Packages Demo/3D UI Elements/Prefabs/Med/Android_1.prefab
  artifactKey: Guid(535059e86f6edc84fb35656b36d97b07) Importer(815301076,1909f56bfc062723c751e8b465ee728b)
Start importing Assets/All Packages Demo/3D UI Elements/Prefabs/Med/Android_1.prefab using Guid(535059e86f6edc84fb35656b36d97b07) Importer(815301076,1909f56bfc062723c751e8b465ee728b)  -> (artifact id: '00b217e2da697195daeab3d13a139b67') in 0.019901 seconds
  Import took 0.023147 seconds .

========================================================================
Received Import Request.
  Time since last request: 0.153128 seconds.
  path: Assets/All Packages Demo/3D Low Poly Worlds/3D_Low_Poly_Worlds_instructions.pdf
  artifactKey: Guid(823fef69da4a93c4e8cd5593774d6882) Importer(815301076,1909f56bfc062723c751e8b465ee728b)
Start importing Assets/All Packages Demo/3D Low Poly Worlds/3D_Low_Poly_Worlds_instructions.pdf using Guid(823fef69da4a93c4e8cd5593774d6882) Importer(815301076,1909f56bfc062723c751e8b465ee728b)  -> (artifact id: '7e8a5ee8fb1f8688f46521ce8242a1ff') in 0.016647 seconds
  Import took 0.020714 seconds .

========================================================================
Received Import Request.
  Time since last request: 0.411150 seconds.
  path: Assets/All Packages Demo/Skybox Pack 8k UHD/Scenes
  artifactKey: Guid(5bd04ddc7cf19ef43bd5c3ee673e59e3) Importer(815301076,1909f56bfc062723c751e8b465ee728b)
Start importing Assets/All Packages Demo/Skybox Pack 8k UHD/Scenes using Guid(5bd04ddc7cf19ef43bd5c3ee673e59e3) Importer(815301076,1909f56bfc062723c751e8b465ee728b)  -> (artifact id: '1d5f4d613eaa3393110da55780102440') in 0.011473 seconds
  Import took 0.014397 seconds .

========================================================================
Received Import Request.
  Time since last request: 0.329619 seconds.
  path: Assets/All Packages Demo/Skybox Pack 8k UHD/Materials
  artifactKey: Guid(95e8edfeb9d23ab40802106ca1008164) Importer(815301076,1909f56bfc062723c751e8b465ee728b)
Start importing Assets/All Packages Demo/Skybox Pack 8k UHD/Materials using Guid(95e8edfeb9d23ab40802106ca1008164) Importer(815301076,1909f56bfc062723c751e8b465ee728b)  -> (artifact id: 'c7dadefc08ad31bd258fa039a986257d') in 0.009000 seconds
  Import took 0.014008 seconds .

========================================================================
Received Import Request.
  Time since last request: 1.004730 seconds.
  path: Assets/All Packages Demo/3D UI Elements/Prefabs/Low
  artifactKey: Guid(a8558f0223caeb64c8ce0309f0013238) Importer(815301076,1909f56bfc062723c751e8b465ee728b)
Start importing Assets/All Packages Demo/3D UI Elements/Prefabs/Low using Guid(a8558f0223caeb64c8ce0309f0013238) Importer(815301076,1909f56bfc062723c751e8b465ee728b)  -> (artifact id: 'd1f28a51a741caa8a9e7cef8ec18c910') in 0.010671 seconds
  Import took 0.014186 seconds .

========================================================================
Received Import Request.
  Time since last request: 0.394998 seconds.
  path: Assets/CountDownController.cs
  artifactKey: Guid(c0a2fd4e086f1e549ac5c99feab797b4) Importer(815301076,1909f56bfc062723c751e8b465ee728b)
Start importing Assets/CountDownController.cs using Guid(c0a2fd4e086f1e549ac5c99feab797b4) Importer(815301076,1909f56bfc062723c751e8b465ee728b)  -> (artifact id: '4b353645f9ab7d23221262cf02707e30') in 0.009163 seconds
  Import took 0.012688 seconds .

========================================================================
Received Import Request.
  Time since last request: 0.309009 seconds.
  path: Assets/All Packages Demo/3D UI Elements/Scene/SceneSettings.lighting
  artifactKey: Guid(2eafaf924074542468fbd86d21af7dbb) Importer(815301076,1909f56bfc062723c751e8b465ee728b)
Start importing Assets/All Packages Demo/3D UI Elements/Scene/SceneSettings.lighting using Guid(2eafaf924074542468fbd86d21af7dbb) Importer(815301076,1909f56bfc062723c751e8b465ee728b) LightingSettings: switching bake backend from 1 to 0.
 -> (artifact id: 'a93043b51c0213ddb6bdd029592d70e0') in 0.009211 seconds
  Import took 0.012302 seconds .

========================================================================
Received Import Request.
  Time since last request: 0.310690 seconds.
  path: Assets/All Packages Demo/3D_Font_Art_Pack/Retro/Scene/Font.unity
  artifactKey: Guid(ebc4236281284b14dbec150e1f69a795) Importer(815301076,1909f56bfc062723c751e8b465ee728b)
Start importing Assets/All Packages Demo/3D_Font_Art_Pack/Retro/Scene/Font.unity using Guid(ebc4236281284b14dbec150e1f69a795) Importer(815301076,1909f56bfc062723c751e8b465ee728b)  -> (artifact id: 'e6f8f5c630f0caf23d3104a61b38807c') in 0.014439 seconds
  Import took 0.020643 seconds .

========================================================================
Received Import Request.
  Time since last request: 0.221897 seconds.
  path: Assets/Scripts/CameraController.cs
  artifactKey: Guid(582fca83f945c5d4285b7372700344c3) Importer(815301076,1909f56bfc062723c751e8b465ee728b)
Start importing Assets/Scripts/CameraController.cs using Guid(582fca83f945c5d4285b7372700344c3) Importer(815301076,1909f56bfc062723c751e8b465ee728b)  -> (artifact id: 'b13b2f2f1b835b8d538c0f522a0ec8a3') in 0.007717 seconds
  Import took 0.011928 seconds .

========================================================================
Received Import Request.
  Time since last request: 0.050303 seconds.
  path: Assets/All Packages Demo/Skybox Pack 8k UHD/Skybox_Pack_8k_UHD_instructions.pdf
  artifactKey: Guid(9eb956199f83bed4c9a98327b3f5c355) Importer(815301076,1909f56bfc062723c751e8b465ee728b)
Start importing Assets/All Packages Demo/Skybox Pack 8k UHD/Skybox_Pack_8k_UHD_instructions.pdf using Guid(9eb956199f83bed4c9a98327b3f5c355) Importer(815301076,1909f56bfc062723c751e8b465ee728b)  -> (artifact id: '9d8654d21b533e51f88f6028de545c51') in 0.007806 seconds
  Import took 0.011920 seconds .

========================================================================
Received Import Request.
  Time since last request: 0.575606 seconds.
  path: Assets/All Packages Demo/3D Low Poly Worlds/Mountain/Scene/Mountain_SceneSettings.lighting
  artifactKey: Guid(d191be924eb7b9442b35b8b9bd5a3b41) Importer(815301076,1909f56bfc062723c751e8b465ee728b)
Start importing Assets/All Packages Demo/3D Low Poly Worlds/Mountain/Scene/Mountain_SceneSettings.lighting using Guid(d191be924eb7b9442b35b8b9bd5a3b41) Importer(815301076,1909f56bfc062723c751e8b465ee728b) LightingSettings: switching bake backend from 1 to 0.
 -> (artifact id: '59e4bcb82e9d427cdb4b0273fd7dca04') in 0.011289 seconds
  Import took 0.014475 seconds .

========================================================================
Received Import Request.
  Time since last request: 0.575401 seconds.
  path: Assets/All Packages Demo/3D UI Elements/Prefabs/Med/360_2.prefab
  artifactKey: Guid(fa221157e28d1ab4689c708ab4f69e45) Importer(815301076,1909f56bfc062723c751e8b465ee728b)
Start importing Assets/All Packages Demo/3D UI Elements/Prefabs/Med/360_2.prefab using Guid(fa221157e28d1ab4689c708ab4f69e45) Importer(815301076,1909f56bfc062723c751e8b465ee728b)  -> (artifact id: '973baa9bfa41a0779fa776b2d3751a86') in 0.024046 seconds
  Import took 0.028195 seconds .

========================================================================
Received Import Request.
  Time since last request: 2.851949 seconds.
  path: Assets/All Packages Demo/3D UI Elements/Fbx/Low/Youtube_6.FBX
  artifactKey: Guid(715505752af1cc041a6f1d9778c355c0) Importer(815301076,1909f56bfc062723c751e8b465ee728b)
Start importing Assets/All Packages Demo/3D UI Elements/Fbx/Low/Youtube_6.FBX using Guid(715505752af1cc041a6f1d9778c355c0) Importer(815301076,1909f56bfc062723c751e8b465ee728b)  -> (artifact id: 'f1c2f4a65546457e81a27a583dc3c8da') in 0.021908 seconds
  Import took 0.026327 seconds .

========================================================================
Received Import Request.
  Time since last request: 1.147436 seconds.
  path: Assets/All Packages Demo/Skybox Pack 8k UHD/Textures/Sky_002.hdr
  artifactKey: Guid(69f82bc1830eb5d499c0671e3ff2c44a) Importer(815301076,1909f56bfc062723c751e8b465ee728b)
Start importing Assets/All Packages Demo/Skybox Pack 8k UHD/Textures/Sky_002.hdr using Guid(69f82bc1830eb5d499c0671e3ff2c44a) Importer(815301076,1909f56bfc062723c751e8b465ee728b)  -> (artifact id: '081c80c4694de3e5c861f71191742148') in 0.474931 seconds
  Import took 0.495895 seconds .

========================================================================
Received Import Request.
  Time since last request: 1.585718 seconds.
  path: Assets/All Packages Demo/3D Low Poly Worlds
  artifactKey: Guid(bcebc21105edf0b4fae38dd1c9da0ed8) Importer(815301076,1909f56bfc062723c751e8b465ee728b)
Start importing Assets/All Packages Demo/3D Low Poly Worlds using Guid(bcebc21105edf0b4fae38dd1c9da0ed8) Importer(815301076,1909f56bfc062723c751e8b465ee728b)  -> (artifact id: 'a445cf345c333c382d2a0f07ab9537c5') in 0.008450 seconds
  Import took 0.011869 seconds .

========================================================================
Received Import Request.
  Time since last request: 0.416329 seconds.
  path: Assets/All Packages Demo/Skybox Pack 8k UHD/Materials/Sky_002.mat
  artifactKey: Guid(6aac568ebf8b44c448ae2317cc3f7c3d) Importer(815301076,1909f56bfc062723c751e8b465ee728b)
Start importing Assets/All Packages Demo/Skybox Pack 8k UHD/Materials/Sky_002.mat using Guid(6aac568ebf8b44c448ae2317cc3f7c3d) Importer(815301076,1909f56bfc062723c751e8b465ee728b)  -> (artifact id: '67fdbf0da5bb7bac0269e2c98c1931b3') in 0.247910 seconds
  Import took 0.267934 seconds .

========================================================================
Received Import Request.
  Time since last request: 0.295212 seconds.
  path: Assets/All Packages Demo/3D UI Elements/Prefabs/Med/Android_4.prefab
  artifactKey: Guid(0ce15cb4c37ef33499d3a4b310bf0ca5) Importer(815301076,1909f56bfc062723c751e8b465ee728b)
Start importing Assets/All Packages Demo/3D UI Elements/Prefabs/Med/Android_4.prefab using Guid(0ce15cb4c37ef33499d3a4b310bf0ca5) Importer(815301076,1909f56bfc062723c751e8b465ee728b)  -> (artifact id: 'c1e20aee7240e15267b02f88c70c0960') in 0.019394 seconds
  Import took 0.022891 seconds .

========================================================================
Received Import Request.
  Time since last request: 0.301539 seconds.
  path: Assets/Scripts/destroySnake.cs
  artifactKey: Guid(87fe83bbed1acee4eb6391ee33d4ed6f) Importer(815301076,1909f56bfc062723c751e8b465ee728b)
Start importing Assets/Scripts/destroySnake.cs using Guid(87fe83bbed1acee4eb6391ee33d4ed6f) Importer(815301076,1909f56bfc062723c751e8b465ee728b)  -> (artifact id: '4f4d4b0021644566ff8565b49bb8e4a1') in 0.011170 seconds
  Import took 0.015458 seconds .

========================================================================
Received Import Request.
  Time since last request: 0.834835 seconds.
  path: Assets/All Packages Demo/3D UI Elements/Materials
  artifactKey: Guid(3a2662de146e6ce46ac6972fb78ecd0b) Importer(815301076,1909f56bfc062723c751e8b465ee728b)
Start importing Assets/All Packages Demo/3D UI Elements/Materials using Guid(3a2662de146e6ce46ac6972fb78ecd0b) Importer(815301076,1909f56bfc062723c751e8b465ee728b)  -> (artifact id: '66e5f49a67e3043ad825e93c2f091956') in 0.008564 seconds
  Import took 0.011533 seconds .

========================================================================
Received Import Request.
  Time since last request: 0.299316 seconds.
  path: Assets/All Packages Demo/3D UI Elements/Scene/Scene.unity
  artifactKey: Guid(ce3be64f2916b88459931670add7afe8) Importer(815301076,1909f56bfc062723c751e8b465ee728b)
Start importing Assets/All Packages Demo/3D UI Elements/Scene/Scene.unity using Guid(ce3be64f2916b88459931670add7afe8) Importer(815301076,1909f56bfc062723c751e8b465ee728b)  -> (artifact id: '64abffb0a0dc14f39c4a111374a2f5a7') in 0.010242 seconds
  Import took 0.013380 seconds .

========================================================================
Received Import Request.
  Time since last request: 0.791060 seconds.
  path: Assets/Scripts/GameManager.cs
  artifactKey: Guid(5c9bafc7b4debf148b5f15a4f15c2192) Importer(815301076,1909f56bfc062723c751e8b465ee728b)
Start importing Assets/Scripts/GameManager.cs using Guid(5c9bafc7b4debf148b5f15a4f15c2192) Importer(815301076,1909f56bfc062723c751e8b465ee728b)  -> (artifact id: '94933e5e4f8e48abd75169c849eb98c5') in 0.010217 seconds
  Import took 0.013677 seconds .

========================================================================
Received Import Request.
  Time since last request: 0.169554 seconds.
  path: Assets/All Packages Demo/3D UI Elements/Prefabs/Med/Android_3.prefab
  artifactKey: Guid(1a13093976cd0cc44989629a0c05f06c) Importer(815301076,1909f56bfc062723c751e8b465ee728b)
Start importing Assets/All Packages Demo/3D UI Elements/Prefabs/Med/Android_3.prefab using Guid(1a13093976cd0cc44989629a0c05f06c) Importer(815301076,1909f56bfc062723c751e8b465ee728b)  -> (artifact id: '583d54a21cae8854bb83d520c67b7ba9') in 0.016529 seconds
  Import took 0.019836 seconds .

========================================================================
Received Import Request.
  Time since last request: 0.233652 seconds.
  path: Assets/All Packages Demo/3D UI Elements/Fbx/Med
  artifactKey: Guid(85dca351f7422ee4e892945e1718a38d) Importer(815301076,1909f56bfc062723c751e8b465ee728b)
Start importing Assets/All Packages Demo/3D UI Elements/Fbx/Med using Guid(85dca351f7422ee4e892945e1718a38d) Importer(815301076,1909f56bfc062723c751e8b465ee728b)  -> (artifact id: 'ef90a1590186626de410aba9b6d1e1ae') in 0.007909 seconds
  Import took 0.011903 seconds .

========================================================================
Received Import Request.
  Time since last request: 0.401566 seconds.
  path: Assets/All Packages Demo/Skybox Pack 8k UHD/Materials/Sky_001.mat
  artifactKey: Guid(a2f43e7219c51e14ab310c0be536fa14) Importer(815301076,1909f56bfc062723c751e8b465ee728b)
Start importing Assets/All Packages Demo/Skybox Pack 8k UHD/Materials/Sky_001.mat using Guid(a2f43e7219c51e14ab310c0be536fa14) Importer(815301076,1909f56bfc062723c751e8b465ee728b)  -> (artifact id: '0a532c32d3d45fc09d001879812c44e5') in 0.437125 seconds
  Import took 0.458446 seconds .

========================================================================
Received Import Request.
  Time since last request: 1.361223 seconds.
  path: Assets/All Packages Demo/3D UI Elements/Fbx
  artifactKey: Guid(7607bed67ec4b844a818dd5a4811e1c7) Importer(815301076,1909f56bfc062723c751e8b465ee728b)
Start importing Assets/All Packages Demo/3D UI Elements/Fbx using Guid(7607bed67ec4b844a818dd5a4811e1c7) Importer(815301076,1909f56bfc062723c751e8b465ee728b)  -> (artifact id: '65e46d67fd389919576407346a60d0b2') in 0.011607 seconds
  Import took 0.016594 seconds .

========================================================================
Received Import Request.
  Time since last request: 0.819237 seconds.
  path: Assets/All Packages Demo/3D UI Elements/Prefabs/Med/360_1.prefab
  artifactKey: Guid(974d5897e39d2424496b01b739996b68) Importer(815301076,1909f56bfc062723c751e8b465ee728b)
Start importing Assets/All Packages Demo/3D UI Elements/Prefabs/Med/360_1.prefab using Guid(974d5897e39d2424496b01b739996b68) Importer(815301076,1909f56bfc062723c751e8b465ee728b)  -> (artifact id: '3e969d78ded5027498771dcd76a59f0a') in 0.018192 seconds
  Import took 0.021073 seconds .

========================================================================
Received Import Request.
  Time since last request: 0.500861 seconds.
  path: Assets/All Packages Demo/3D UI Elements/Prefabs/Med/Android_2.prefab
  artifactKey: Guid(10109a87583883740970307c4c402b8d) Importer(815301076,1909f56bfc062723c751e8b465ee728b)
Start importing Assets/All Packages Demo/3D UI Elements/Prefabs/Med/Android_2.prefab using Guid(10109a87583883740970307c4c402b8d) Importer(815301076,1909f56bfc062723c751e8b465ee728b)  -> (artifact id: 'c2e02fc80a0c09d66f3f3a040dd080fb') in 0.016820 seconds
  Import took 0.019648 seconds .

========================================================================
Received Import Request.
  Time since last request: 1.416802 seconds.
  path: Assets/All Packages Demo/3D UI Elements
  artifactKey: Guid(9289a37825bcf0b4c826c9202a311f31) Importer(815301076,1909f56bfc062723c751e8b465ee728b)
Start importing Assets/All Packages Demo/3D UI Elements using Guid(9289a37825bcf0b4c826c9202a311f31) Importer(815301076,1909f56bfc062723c751e8b465ee728b)  -> (artifact id: 'c04933624abcbcb06bb5d27e1d03fc4d') in 0.010057 seconds
  Import took 0.013299 seconds .

========================================================================
Received Import Request.
  Time since last request: 1.112111 seconds.
  path: Assets/All Packages Demo/Skybox Pack 8k UHD/Scenes/Scene_001.unity
  artifactKey: Guid(6d30b9da46ad4854797dbb8f528fc0b0) Importer(815301076,1909f56bfc062723c751e8b465ee728b)
Start importing Assets/All Packages Demo/Skybox Pack 8k UHD/Scenes/Scene_001.unity using Guid(6d30b9da46ad4854797dbb8f528fc0b0) Importer(815301076,1909f56bfc062723c751e8b465ee728b)  -> (artifact id: '8cc4de37d62a5795faad040916d8924c') in 0.010265 seconds
  Import took 0.013651 seconds .

========================================================================
Received Import Request.
  Time since last request: 0.583949 seconds.
  path: Assets/All Packages Demo/3D Low Poly Worlds/Mountain/Scene
  artifactKey: Guid(b60e41591248ca443af2e895ce4b77fc) Importer(815301076,1909f56bfc062723c751e8b465ee728b)
Start importing Assets/All Packages Demo/3D Low Poly Worlds/Mountain/Scene using Guid(b60e41591248ca443af2e895ce4b77fc) Importer(815301076,1909f56bfc062723c751e8b465ee728b)  -> (artifact id: '61d9b44abc1312b8e1a2bd8e1e0d9bd2') in 0.006905 seconds
  Import took 0.009766 seconds .

========================================================================
Received Import Request.
  Time since last request: 0.260524 seconds.
  path: Assets/All Packages Demo/3D UI Elements/Fbx/Hi
  artifactKey: Guid(07d3e9ede2968db45806fbfd9f6808e3) Importer(815301076,1909f56bfc062723c751e8b465ee728b)
Start importing Assets/All Packages Demo/3D UI Elements/Fbx/Hi using Guid(07d3e9ede2968db45806fbfd9f6808e3) Importer(815301076,1909f56bfc062723c751e8b465ee728b)  -> (artifact id: '185db2ee1ddd027747a6fa4022534b15') in 0.007268 seconds
  Import took 0.010255 seconds .

========================================================================
Received Import Request.
  Time since last request: 0.241141 seconds.
  path: Assets/All Packages Demo/3D_Font_Art_Pack/Retro/Materials
  artifactKey: Guid(e8a0b2854a8edff40b3d9e0d5c4ea3b5) Importer(815301076,1909f56bfc062723c751e8b465ee728b)
Start importing Assets/All Packages Demo/3D_Font_Art_Pack/Retro/Materials using Guid(e8a0b2854a8edff40b3d9e0d5c4ea3b5) Importer(815301076,1909f56bfc062723c751e8b465ee728b)  -> (artifact id: 'adcaffe06661995eb591e75c68d0c2cc') in 0.009017 seconds
  Import took 0.012279 seconds .

========================================================================
Received Import Request.
  Time since last request: 1.910640 seconds.
  path: Assets/All Packages Demo/Skybox Pack 8k UHD/Textures/Sky_001.hdr
  artifactKey: Guid(917a1c69af1357d42a72875e0d75e075) Importer(815301076,1909f56bfc062723c751e8b465ee728b)
Start importing Assets/All Packages Demo/Skybox Pack 8k UHD/Textures/Sky_001.hdr using Guid(917a1c69af1357d42a72875e0d75e075) Importer(815301076,1909f56bfc062723c751e8b465ee728b)  -> (artifact id: '3c1374cb193480a28ca97bc766117bee') in 0.254697 seconds
  Import took 0.277604 seconds .

========================================================================
Received Import Request.
  Time since last request: 0.029239 seconds.
  path: Assets/All Packages Demo/3D_Font_Art_Pack/Retro/Fbx/Element
  artifactKey: Guid(3e3d5ae055f901f458e7702726bdfb9b) Importer(815301076,1909f56bfc062723c751e8b465ee728b)
Start importing Assets/All Packages Demo/3D_Font_Art_Pack/Retro/Fbx/Element using Guid(3e3d5ae055f901f458e7702726bdfb9b) Importer(815301076,1909f56bfc062723c751e8b465ee728b)  -> (artifact id: 'a127f3e44c84e23e94321edad5829643') in 0.007933 seconds
  Import took 0.011405 seconds .

AssetImportWorkerClient::OnTransportError - code=2 error=End of file
