Using pre-set license
Built from '2020.2/release' branch; Version is '2020.2.2f1 (068178b99f32) revision 426360'; Using compiler version '192528614'; Build Type 'Release'
OS: 'Windows 10 Pro; OS build 19041.928; Version 2004; 64bit' Language: 'en' Physical Memory: 10126 MB
BatchMode: 1, IsHumanControllingUs: 0, StartBugReporterOnCrash: 0, Is64bit: 1, IsPro: 0

 COMMAND LINE ARGUMENTS:
C:\Program Files\Unity\Hub\Editor\2020.2.2f1\Editor\Unity.exe
-adb2
-batchMode
-noUpm
-name
AssetImportWorker6
-projectPath
C:/Users/PC/Desktop/MW/MixWorld/MixWorlds
-logFile
Logs/AssetImportWorker6.log
-srvPort
63637
Successfully changed project path to: C:/Users/PC/Desktop/MW/MixWorld/MixWorlds
C:/Users/PC/Desktop/MW/MixWorld/MixWorlds
Using Asset Import Pipeline V2.
