Using pre-set license
Built from '2020.2/release' branch; Version is '2020.2.2f1 (068178b99f32) revision 426360'; Using compiler version '192528614'; Build Type 'Release'
OS: 'Windows 10 Pro; OS build 19041.928; Version 2004; 64bit' Language: 'en' Physical Memory: 10126 MB
BatchMode: 1, IsHumanControllingUs: 0, StartBugReporterOnCrash: 0, Is64bit: 1, IsPro: 0

 COMMAND LINE ARGUMENTS:
C:\Program Files\Unity\Hub\Editor\2020.2.2f1\Editor\Unity.exe
-adb2
-batchMode
-noUpm
-name
AssetImportWorker7
-projectPath
C:/Users/PC/Desktop/MW/MixWorld/SnowWorld
-logFile
Logs/AssetImportWorker7.log
-srvPort
63449
Successfully changed project path to: C:/Users/PC/Desktop/MW/MixWorld/SnowWorld
C:/Users/PC/Desktop/MW/MixWorld/SnowWorld
Using Asset Import Pipeline V2.
Refreshing native plugins compatible for Editor in 61.63 ms, found 0 plugins.
Preloading 0 native plugins for Editor in 0.00 ms.
Initialize engine version: 2020.2.2f1 (068178b99f32)
[Subsystems] Discovering subsystems at path C:/Program Files/Unity/Hub/Editor/2020.2.2f1/Editor/Data/Resources/UnitySubsystems
[Subsystems] Discovering subsystems at path C:/Users/PC/Desktop/MW/MixWorld/SnowWorld/Assets
GfxDevice: creating device client; threaded=0
Direct3D:
    Version:  Direct3D 11.0 [level 11.1]
    Renderer: NVIDIA GeForce GTX 1050 Ti (ID=0x1c82)
    Vendor:   
    VRAM:     4018 MB
    Driver:   27.21.14.6192
Initialize mono
Mono path[0] = 'C:/Program Files/Unity/Hub/Editor/2020.2.2f1/Editor/Data/Managed'
Mono path[1] = 'C:/Program Files/Unity/Hub/Editor/2020.2.2f1/Editor/Data/MonoBleedingEdge/lib/mono/unityjit'
Mono config path = 'C:/Program Files/Unity/Hub/Editor/2020.2.2f1/Editor/Data/MonoBleedingEdge/etc'
Using monoOptions --debugger-agent=transport=dt_socket,embedding=1,server=y,suspend=n,address=127.0.0.1:56504
Begin MonoManager ReloadAssembly
Registering precompiled unity dll's ...
Register platform support module: C:/Program Files/Unity/Hub/Editor/2020.2.2f1/Editor/Data/PlaybackEngines/WindowsStandaloneSupport/UnityEditor.WindowsStandalone.Extensions.dll
Registered in 0.002306 seconds.
Native extension for WindowsStandalone target not found
Refreshing native plugins compatible for Editor in 56.06 ms, found 0 plugins.
Preloading 0 native plugins for Editor in 0.00 ms.
Invoked RoslynAnalysisRunner static constructor.
RoslynAnalysisRunner will not be running.
RoslynAnalysisRunner has terminated.
Mono: successfully reloaded assembly
- Completed reload, in  1.705 seconds
Platform modules already initialized, skipping
Registering precompiled user dll's ...
Registered in 0.001431 seconds.
Begin MonoManager ReloadAssembly
Native extension for WindowsStandalone target not found
Refreshing native plugins compatible for Editor in 0.65 ms, found 0 plugins.
Preloading 0 native plugins for Editor in 0.00 ms.
Invoked RoslynAnalysisRunner static constructor.
RoslynAnalysisRunner will not be running.
RoslynAnalysisRunner has terminated.
Mono: successfully reloaded assembly
- Completed reload, in  2.812 seconds
Platform modules already initialized, skipping
========================================================================
Worker process is ready to serve import requests
Launched and connected shader compiler UnityShaderCompiler.exe after 0.06 seconds
Refreshing native plugins compatible for Editor in 0.66 ms, found 0 plugins.
Preloading 0 native plugins for Editor in 0.00 ms.
Unloading 1259 Unused Serialized files (Serialized files now loaded: 0)
System memory in use before: 90.3 MB.
System memory in use after: 90.0 MB.

Unloading 10 unused Assets to reduce memory usage. Loaded Objects now: 1738.
Total: 3.231000 ms (FindLiveObjects: 0.477900 ms CreateObjectMapping: 0.519600 ms MarkObjects: 1.852500 ms  DeleteObjects: 0.379100 ms)

========================================================================
Received Import Request.
  path: Assets/Prefabs/WinText.prefab
  artifactKey: Guid(da208d8630f3ff8459404fbedcfd2f5d) Importer(815301076,1909f56bfc062723c751e8b465ee728b)
Start importing Assets/Prefabs/WinText.prefab using Guid(da208d8630f3ff8459404fbedcfd2f5d) Importer(815301076,1909f56bfc062723c751e8b465ee728b)  -> (artifact id: 'df4213006a1ae6fb0f987a911333389e') in 1.681498 seconds
  Import took 1.700536 seconds .

========================================================================
Received Import Request.
  Time since last request: 0.000256 seconds.
  path: Assets/Prefabs/RollingBall.prefab
  artifactKey: Guid(4186844d4ed427c41a0ed67cb83c0cb6) Importer(815301076,1909f56bfc062723c751e8b465ee728b)
Start importing Assets/Prefabs/RollingBall.prefab using Guid(4186844d4ed427c41a0ed67cb83c0cb6) Importer(815301076,1909f56bfc062723c751e8b465ee728b)  -> (artifact id: 'd8bbce21be3c1868865e8ac39ac7e310') in 0.794930 seconds
  Import took 0.820422 seconds .

========================================================================
Received Import Request.
  Time since last request: 0.000279 seconds.
  path: Assets/Prefabs/Player.prefab
  artifactKey: Guid(581f8b09e5b611c44b11b8b1059bec69) Importer(815301076,1909f56bfc062723c751e8b465ee728b)
Start importing Assets/Prefabs/Player.prefab using Guid(581f8b09e5b611c44b11b8b1059bec69) Importer(815301076,1909f56bfc062723c751e8b465ee728b)  -> (artifact id: '047b5dda527faf041a468a0e9ef852a3') in 1.040600 seconds
  Import took 1.074793 seconds .

========================================================================
Received Import Request.
  Time since last request: 0.000331 seconds.
  path: Assets/Prefabs/StartText.prefab
  artifactKey: Guid(67e6120659e4f444793974ff0c2d27ca) Importer(815301076,1909f56bfc062723c751e8b465ee728b)
Start importing Assets/Prefabs/StartText.prefab using Guid(67e6120659e4f444793974ff0c2d27ca) Importer(815301076,1909f56bfc062723c751e8b465ee728b)  -> (artifact id: '5c4a28073e9dba006c43e04458cb594f') in 0.586822 seconds
  Import took 0.644652 seconds .

========================================================================
Received Import Request.
  Time since last request: 0.000227 seconds.
  path: Assets/Prefabs/Main Camera.prefab
  artifactKey: Guid(f27842fb9fe3be44aaade780f02b6a7b) Importer(815301076,1909f56bfc062723c751e8b465ee728b)
Start importing Assets/Prefabs/Main Camera.prefab using Guid(f27842fb9fe3be44aaade780f02b6a7b) Importer(815301076,1909f56bfc062723c751e8b465ee728b)  -> (artifact id: '4d67423ff5801df6c420084bc5629933') in 0.039641 seconds
  Import took 0.054556 seconds .

========================================================================
Received Import Request.
  Time since last request: 0.000284 seconds.
  path: Assets/Prefabs/UI.prefab
  artifactKey: Guid(d8b6305366216f446b61fc54e38d859c) Importer(815301076,1909f56bfc062723c751e8b465ee728b)
Start importing Assets/Prefabs/UI.prefab using Guid(d8b6305366216f446b61fc54e38d859c) Importer(815301076,1909f56bfc062723c751e8b465ee728b)  -> (artifact id: 'c6bfd57b0c64ea0cf06e25ad742c7234') in 0.182819 seconds
  Import took 0.229942 seconds .

========================================================================
Received Import Request.
  Time since last request: 0.000217 seconds.
  path: Assets/Prefabs/SnowImport.prefab
  artifactKey: Guid(8662e0e843f8adf4da30d3c8e0a0a46d) Importer(815301076,1909f56bfc062723c751e8b465ee728b)
Start importing Assets/Prefabs/SnowImport.prefab using Guid(8662e0e843f8adf4da30d3c8e0a0a46d) Importer(815301076,1909f56bfc062723c751e8b465ee728b)  -> (artifact id: '1aba1155c72692ee36dd0050e116b0ba') in 0.356619 seconds
  Import took 0.395691 seconds .

========================================================================
Received Import Request.
  Time since last request: 0.000362 seconds.
  path: Assets/Prefabs/Player Death Effect.prefab
  artifactKey: Guid(db7ba7398033b624695c1700bbf55b2a) Importer(815301076,1909f56bfc062723c751e8b465ee728b)
Start importing Assets/Prefabs/Player Death Effect.prefab using Guid(db7ba7398033b624695c1700bbf55b2a) Importer(815301076,1909f56bfc062723c751e8b465ee728b)  -> (artifact id: 'a679a62ccf90c0e4ece47c12b966cc01') in 0.029765 seconds
  Import took 0.086055 seconds .

========================================================================
Received Import Request.
  Time since last request: 0.000192 seconds.
  path: Assets/Prefabs/SnowImport Variant.prefab
  artifactKey: Guid(28fa96807df1d0c40b3bf0e098b970eb) Importer(815301076,1909f56bfc062723c751e8b465ee728b)
Start importing Assets/Prefabs/SnowImport Variant.prefab using Guid(28fa96807df1d0c40b3bf0e098b970eb) Importer(815301076,1909f56bfc062723c751e8b465ee728b)  -> (artifact id: '97f478a4b48a55531892df1f93f36f05') in 0.130218 seconds
  Import took 0.175354 seconds .

========================================================================
Received Import Request.
  Time since last request: 0.000251 seconds.
  path: Assets/Prefabs/LoseText.prefab
  artifactKey: Guid(06ab46adf7c57f14aba156b5b7fb2f6a) Importer(815301076,1909f56bfc062723c751e8b465ee728b)
Start importing Assets/Prefabs/LoseText.prefab using Guid(06ab46adf7c57f14aba156b5b7fb2f6a) Importer(815301076,1909f56bfc062723c751e8b465ee728b)  -> (artifact id: '2d54146676e08630553605110746e6b5') in 0.073147 seconds
  Import took 0.124583 seconds .

========================================================================
Received Import Request.
  Time since last request: 311.836003 seconds.
  path: Assets/Prefabs/BlueRacer_Menu.prefab
  artifactKey: Guid(8741bef1aac13344daaa740fbe61a614) Importer(815301076,1909f56bfc062723c751e8b465ee728b)
Start importing Assets/Prefabs/BlueRacer_Menu.prefab using Guid(8741bef1aac13344daaa740fbe61a614) Importer(815301076,1909f56bfc062723c751e8b465ee728b)  -> (artifact id: '3291981f5741ce38d814e0be960aecb0') in 0.933513 seconds
  Import took 0.992711 seconds .

========================================================================
Received Import Request.
  Time since last request: 0.000664 seconds.
  path: Assets/Prefabs/Gold Pickup Effect.prefab
  artifactKey: Guid(247e710c4ad267c419a0530856bf4c0b) Importer(815301076,1909f56bfc062723c751e8b465ee728b)
Start importing Assets/Prefabs/Gold Pickup Effect.prefab using Guid(247e710c4ad267c419a0530856bf4c0b) Importer(815301076,1909f56bfc062723c751e8b465ee728b)  -> (artifact id: 'a635463146cb70e4ea8069940f54718f') in 0.050875 seconds
  Import took 0.087671 seconds .

========================================================================
Received Import Request.
  Time since last request: 0.000299 seconds.
  path: Assets/Prefabs/Cactus.prefab
  artifactKey: Guid(4e2234e341abb3e40b599a87735ca133) Importer(815301076,1909f56bfc062723c751e8b465ee728b)
Start importing Assets/Prefabs/Cactus.prefab using Guid(4e2234e341abb3e40b599a87735ca133) Importer(815301076,1909f56bfc062723c751e8b465ee728b)  -> (artifact id: 'f3e3b0f9824a5db1781b7d37edceaf8a') in 0.373414 seconds
  Import took 0.399182 seconds .

========================================================================
Received Import Request.
  Time since last request: 0.000179 seconds.
  path: Assets/Prefabs/GameManager.prefab
  artifactKey: Guid(b46b9536acdc9134d90c900420086a96) Importer(815301076,1909f56bfc062723c751e8b465ee728b)
Start importing Assets/Prefabs/GameManager.prefab using Guid(b46b9536acdc9134d90c900420086a96) Importer(815301076,1909f56bfc062723c751e8b465ee728b)  -> (artifact id: '5f972c1d94e8d05113125d4e9b52fb81') in 0.086821 seconds
  Import took 0.118363 seconds .

========================================================================
Received Import Request.
  Time since last request: 0.000258 seconds.
  path: Assets/Prefabs/Directional Light.prefab
  artifactKey: Guid(aeb071f4393232641aba67c60a5857c6) Importer(815301076,1909f56bfc062723c751e8b465ee728b)
Start importing Assets/Prefabs/Directional Light.prefab using Guid(aeb071f4393232641aba67c60a5857c6) Importer(815301076,1909f56bfc062723c751e8b465ee728b)  -> (artifact id: 'daf8287eb3a3a71d0573256421c8329f') in 0.131441 seconds
  Import took 0.166375 seconds .

========================================================================
Received Import Request.
  Time since last request: 0.000352 seconds.
  path: Assets/Prefabs/EndStar.prefab
  artifactKey: Guid(bf94de2b0240c874a9aa768aba474ef6) Importer(815301076,1909f56bfc062723c751e8b465ee728b)
Start importing Assets/Prefabs/EndStar.prefab using Guid(bf94de2b0240c874a9aa768aba474ef6) Importer(815301076,1909f56bfc062723c751e8b465ee728b)  -> (artifact id: '80e50af7362da55712a940a9fb4d021d') in 0.593833 seconds
  Import took 0.634232 seconds .

========================================================================
Received Import Request.
  Time since last request: 0.000311 seconds.
  path: Assets/Prefabs/Bot.prefab
  artifactKey: Guid(102b5c898ddad4940ae8c79ce3fe5620) Importer(815301076,1909f56bfc062723c751e8b465ee728b)
Start importing Assets/Prefabs/Bot.prefab using Guid(102b5c898ddad4940ae8c79ce3fe5620) Importer(815301076,1909f56bfc062723c751e8b465ee728b)  -> (artifact id: '4f30ab9103d1a7dc6028980fe298afb5') in 0.124759 seconds
  Import took 0.325884 seconds .

========================================================================
Received Import Request.
  Time since last request: 0.000337 seconds.
  path: Assets/Prefabs/CheckPoint.prefab
  artifactKey: Guid(2d20ff189eb961a4986be6647cbcd8bc) Importer(815301076,1909f56bfc062723c751e8b465ee728b)
Start importing Assets/Prefabs/CheckPoint.prefab using Guid(2d20ff189eb961a4986be6647cbcd8bc) Importer(815301076,1909f56bfc062723c751e8b465ee728b)  -> (artifact id: 'a66f1840cd60b517f438b8097a98c71b') in 0.044452 seconds
  Import took 0.048095 seconds .

========================================================================
Received Import Request.
  Time since last request: 0.000275 seconds.
  path: Assets/Prefabs/Gold Bar.prefab
  artifactKey: Guid(228b7de8680b40641adb5d161e76ce42) Importer(815301076,1909f56bfc062723c751e8b465ee728b)
Start importing Assets/Prefabs/Gold Bar.prefab using Guid(228b7de8680b40641adb5d161e76ce42) Importer(815301076,1909f56bfc062723c751e8b465ee728b)  -> (artifact id: '1c1eea795b380451d15e016e004b6197') in 0.624225 seconds
  Import took 0.684995 seconds .

========================================================================
Received Import Request.
  Time since last request: 177.046225 seconds.
  path: Assets/Prefabs
  artifactKey: Guid(dda7f5941b4633646ad939cfb900e140) Importer(815301076,1909f56bfc062723c751e8b465ee728b)
Start importing Assets/Prefabs using Guid(dda7f5941b4633646ad939cfb900e140) Importer(815301076,1909f56bfc062723c751e8b465ee728b)  -> (artifact id: '4c217217e4da7355c938707661e16da1') in 0.017421 seconds
  Import took 0.075232 seconds .

========================================================================
Received Import Request.
  Time since last request: 92.249039 seconds.
  path: Assets/Prefabs/Storm.SNOW.prefab
  artifactKey: Guid(9844dc12dd6ab6640acc4276b6ce0210) Importer(815301076,1909f56bfc062723c751e8b465ee728b)
Start importing Assets/Prefabs/Storm.SNOW.prefab using Guid(9844dc12dd6ab6640acc4276b6ce0210) Importer(815301076,1909f56bfc062723c751e8b465ee728b)  -> (artifact id: 'ec77ed6a42e7056df66179ffbc8c4d22') in 0.048264 seconds
  Import took 0.227436 seconds .

========================================================================
Received Import Request.
  Time since last request: 2.189465 seconds.
  path: Assets/Prefabs/Cannons.SNOW.prefab
  artifactKey: Guid(42765415fb63d4d459b479f40fd3159f) Importer(815301076,1909f56bfc062723c751e8b465ee728b)
Start importing Assets/Prefabs/Cannons.SNOW.prefab using Guid(42765415fb63d4d459b479f40fd3159f) Importer(815301076,1909f56bfc062723c751e8b465ee728b)  -> (artifact id: '9131c13f20079083fb854eddcc0c6587') in 0.293076 seconds
  Import took 0.346146 seconds .

AssetImportWorkerClient::OnTransportError - code=2 error=End of file
