Using pre-set license
Built from '2020.2/release' branch; Version is '2020.2.2f1 (068178b99f32) revision 426360'; Using compiler version '192528614'; Build Type 'Release'
OS: 'Windows 10 Pro; OS build 19041.928; Version 2004; 64bit' Language: 'en' Physical Memory: 10126 MB
BatchMode: 1, IsHumanControllingUs: 0, StartBugReporterOnCrash: 0, Is64bit: 1, IsPro: 0

 COMMAND LINE ARGUMENTS:
C:\Program Files\Unity\Hub\Editor\2020.2.2f1\Editor\Unity.exe
-adb2
-batchMode
-noUpm
-name
AssetImportWorker1
-projectPath
C:/Users/PC/Desktop/MW/MixWorld/SnowWorld
-logFile
Logs/AssetImportWorker1.log
-srvPort
62293
Successfully changed project path to: C:/Users/PC/Desktop/MW/MixWorld/SnowWorld
C:/Users/PC/Desktop/MW/MixWorld/SnowWorld
Using Asset Import Pipeline V2.
Refreshing native plugins compatible for Editor in 54.67 ms, found 0 plugins.
Preloading 0 native plugins for Editor in 0.00 ms.
Initialize engine version: 2020.2.2f1 (068178b99f32)
[Subsystems] Discovering subsystems at path C:/Program Files/Unity/Hub/Editor/2020.2.2f1/Editor/Data/Resources/UnitySubsystems
[Subsystems] Discovering subsystems at path C:/Users/PC/Desktop/MW/MixWorld/SnowWorld/Assets
GfxDevice: creating device client; threaded=0
Direct3D:
    Version:  Direct3D 11.0 [level 11.1]
    Renderer: NVIDIA GeForce GTX 1050 Ti (ID=0x1c82)
    Vendor:   
    VRAM:     4018 MB
    Driver:   27.21.14.6192
Initialize mono
Mono path[0] = 'C:/Program Files/Unity/Hub/Editor/2020.2.2f1/Editor/Data/Managed'
Mono path[1] = 'C:/Program Files/Unity/Hub/Editor/2020.2.2f1/Editor/Data/MonoBleedingEdge/lib/mono/unityjit'
Mono config path = 'C:/Program Files/Unity/Hub/Editor/2020.2.2f1/Editor/Data/MonoBleedingEdge/etc'
Using monoOptions --debugger-agent=transport=dt_socket,embedding=1,server=y,suspend=n,address=127.0.0.1:56924
Begin MonoManager ReloadAssembly
Registering precompiled unity dll's ...
Register platform support module: C:/Program Files/Unity/Hub/Editor/2020.2.2f1/Editor/Data/PlaybackEngines/WindowsStandaloneSupport/UnityEditor.WindowsStandalone.Extensions.dll
Registered in 0.002293 seconds.
Native extension for WindowsStandalone target not found
Refreshing native plugins compatible for Editor in 56.49 ms, found 0 plugins.
Preloading 0 native plugins for Editor in 0.00 ms.
Invoked RoslynAnalysisRunner static constructor.
RoslynAnalysisRunner will not be running.
RoslynAnalysisRunner has terminated.
Mono: successfully reloaded assembly
- Completed reload, in  1.330 seconds
Platform modules already initialized, skipping
Registering precompiled user dll's ...
Registered in 0.001080 seconds.
Begin MonoManager ReloadAssembly
Native extension for WindowsStandalone target not found
Refreshing native plugins compatible for Editor in 0.64 ms, found 0 plugins.
Preloading 0 native plugins for Editor in 0.00 ms.
Invoked RoslynAnalysisRunner static constructor.
RoslynAnalysisRunner will not be running.
RoslynAnalysisRunner has terminated.
Mono: successfully reloaded assembly
- Completed reload, in  1.004 seconds
Platform modules already initialized, skipping
========================================================================
Worker process is ready to serve import requests
Launched and connected shader compiler UnityShaderCompiler.exe after 0.16 seconds
Refreshing native plugins compatible for Editor in 0.58 ms, found 0 plugins.
Preloading 0 native plugins for Editor in 0.00 ms.
Unloading 1258 Unused Serialized files (Serialized files now loaded: 0)
System memory in use before: 89.8 MB.
System memory in use after: 89.5 MB.

Unloading 10 unused Assets to reduce memory usage. Loaded Objects now: 1737.
Total: 2.893700 ms (FindLiveObjects: 0.442200 ms CreateObjectMapping: 0.201300 ms MarkObjects: 1.807800 ms  DeleteObjects: 0.439900 ms)

========================================================================
Received Import Request.
  path: Assets/LegoAddOns
  artifactKey: Guid(aad3f707bc8545843ad365f4c309d1cc) Importer(815301076,1909f56bfc062723c751e8b465ee728b)
Start importing Assets/LegoAddOns using Guid(aad3f707bc8545843ad365f4c309d1cc) Importer(815301076,1909f56bfc062723c751e8b465ee728b)  -> (artifact id: '411cf95af507ebd590ffb94ad38eea8b') in 0.010805 seconds
  Import took 0.015241 seconds .

========================================================================
Received Import Request.
  Time since last request: 19.038884 seconds.
  path: Assets/Prefabs/Skeleton@Walk Variant.prefab
  artifactKey: Guid(14b91e0c1ae67494191cace758c6e2ca) Importer(815301076,1909f56bfc062723c751e8b465ee728b)
Start importing Assets/Prefabs/Skeleton@Walk Variant.prefab using Guid(14b91e0c1ae67494191cace758c6e2ca) Importer(815301076,1909f56bfc062723c751e8b465ee728b)  -> (artifact id: 'a960b06964c103011b0f009b583260b7') in 0.616126 seconds
  Import took 0.646071 seconds .

========================================================================
Received Import Request.
  Time since last request: 13.829005 seconds.
  path: Assets/Prefabs/Storm Prefab.prefab
  artifactKey: Guid(3999e1f41b485cb43a3bb0b332838a1e) Importer(815301076,1909f56bfc062723c751e8b465ee728b)
Start importing Assets/Prefabs/Storm Prefab.prefab using Guid(3999e1f41b485cb43a3bb0b332838a1e) Importer(815301076,1909f56bfc062723c751e8b465ee728b)  -> (artifact id: 'a7ac3b54435f46dd2a8e1711bc6b8990') in 0.059858 seconds
  Import took 0.065390 seconds .

========================================================================
Received Prepare
Registering precompiled user dll's ...
Registered in 0.001149 seconds.
Begin MonoManager ReloadAssembly
Native extension for WindowsStandalone target not found
Refreshing native plugins compatible for Editor in 0.50 ms, found 0 plugins.
Preloading 0 native plugins for Editor in 0.00 ms.
Invoked RoslynAnalysisRunner static constructor.
RoslynAnalysisRunner will not be running.
RoslynAnalysisRunner has terminated.
Mono: successfully reloaded assembly
- Completed reload, in  1.225 seconds
Platform modules already initialized, skipping
Refreshing native plugins compatible for Editor in 0.57 ms, found 0 plugins.
Preloading 0 native plugins for Editor in 0.00 ms.
Unloading 1229 Unused Serialized files (Serialized files now loaded: 0)
System memory in use before: 102.8 MB.
System memory in use after: 102.6 MB.

Unloading 5 unused Assets to reduce memory usage. Loaded Objects now: 1747.
Total: 2.960500 ms (FindLiveObjects: 0.231500 ms CreateObjectMapping: 0.072900 ms MarkObjects: 2.303100 ms  DeleteObjects: 0.351600 ms)

========================================================================
Received Import Request.
  Time since last request: 143.075763 seconds.
  path: Assets/Prefabs/GreenSnake_Menu.prefab
  artifactKey: Guid(30fd05305af76c44db31121292d13de7) Importer(815301076,1909f56bfc062723c751e8b465ee728b)
Start importing Assets/Prefabs/GreenSnake_Menu.prefab using Guid(30fd05305af76c44db31121292d13de7) Importer(815301076,1909f56bfc062723c751e8b465ee728b)  -> (artifact id: '5be72471a869b78cd26c907db5ecd688') in 0.091754 seconds
  Import took 0.096048 seconds .

========================================================================
Received Import Request.
  Time since last request: 12.021280 seconds.
  path: Assets/Prefabs/RainStorm Prefab.prefab
  artifactKey: Guid(0edd2c7178a7fe64f91ce700eeceb2b6) Importer(815301076,1909f56bfc062723c751e8b465ee728b)
Start importing Assets/Prefabs/RainStorm Prefab.prefab using Guid(0edd2c7178a7fe64f91ce700eeceb2b6) Importer(815301076,1909f56bfc062723c751e8b465ee728b)  -> (artifact id: 'be94474cdc0c3736c0c486d9e6a4b585') in 0.022750 seconds
  Import took 0.081123 seconds .

========================================================================
Received Prepare
Registering precompiled user dll's ...
Registered in 0.001242 seconds.
Begin MonoManager ReloadAssembly
Native extension for WindowsStandalone target not found
Refreshing native plugins compatible for Editor in 0.49 ms, found 0 plugins.
Preloading 0 native plugins for Editor in 0.00 ms.
Invoked RoslynAnalysisRunner static constructor.
RoslynAnalysisRunner will not be running.
RoslynAnalysisRunner has terminated.
Mono: successfully reloaded assembly
- Completed reload, in  1.551 seconds
Platform modules already initialized, skipping
Refreshing native plugins compatible for Editor in 0.92 ms, found 0 plugins.
Preloading 0 native plugins for Editor in 0.00 ms.
Unloading 1229 Unused Serialized files (Serialized files now loaded: 0)
System memory in use before: 103.0 MB.
System memory in use after: 102.8 MB.

Unloading 5 unused Assets to reduce memory usage. Loaded Objects now: 1750.
Total: 2.244200 ms (FindLiveObjects: 0.296600 ms CreateObjectMapping: 0.076200 ms MarkObjects: 1.493300 ms  DeleteObjects: 0.376600 ms)

========================================================================
Received Import Request.
  Time since last request: 249.275048 seconds.
  path: Assets/Tower Defence/Prefabs
  artifactKey: Guid(cefe3ab5cff627e4c8d26e04feacb0f7) Importer(815301076,1909f56bfc062723c751e8b465ee728b)
Start importing Assets/Tower Defence/Prefabs using Guid(cefe3ab5cff627e4c8d26e04feacb0f7) Importer(815301076,1909f56bfc062723c751e8b465ee728b)  -> (artifact id: '534e6d76e55b30278284ed9ac8265b4f') in 0.017608 seconds
  Import took 0.024400 seconds .

========================================================================
Received Import Request.
  Time since last request: 13.065931 seconds.
  path: Assets/Tower Defence/Prefabs/tower_defence.prefab
  artifactKey: Guid(d3ef549050e9b0542b4f3c3dd47a1085) Importer(815301076,1909f56bfc062723c751e8b465ee728b)
Start importing Assets/Tower Defence/Prefabs/tower_defence.prefab using Guid(d3ef549050e9b0542b4f3c3dd47a1085) Importer(815301076,1909f56bfc062723c751e8b465ee728b)  -> (artifact id: '15a60829c98ddb3576e66d247ffad127') in 0.356064 seconds
  Import took 0.362147 seconds .

========================================================================
Received Prepare
Registering precompiled user dll's ...
Registered in 0.001792 seconds.
Begin MonoManager ReloadAssembly
Native extension for WindowsStandalone target not found
Refreshing native plugins compatible for Editor in 0.49 ms, found 0 plugins.
Preloading 0 native plugins for Editor in 0.00 ms.
Invoked RoslynAnalysisRunner static constructor.
RoslynAnalysisRunner will not be running.
RoslynAnalysisRunner has terminated.
Mono: successfully reloaded assembly
- Completed reload, in  1.228 seconds
Platform modules already initialized, skipping
Refreshing native plugins compatible for Editor in 0.49 ms, found 0 plugins.
Preloading 0 native plugins for Editor in 0.00 ms.
Unloading 1230 Unused Serialized files (Serialized files now loaded: 0)
System memory in use before: 103.5 MB.
System memory in use after: 103.3 MB.

Unloading 5 unused Assets to reduce memory usage. Loaded Objects now: 1754.
Total: 25.177700 ms (FindLiveObjects: 7.820300 ms CreateObjectMapping: 0.124000 ms MarkObjects: 16.788900 ms  DeleteObjects: 0.428600 ms)

========================================================================
Received Import Request.
  Time since last request: 3.070037 seconds.
  path: Assets/Tower Defence/Prefabs/tower_defence 1.prefab
  artifactKey: Guid(00ca2ed31a30c42449b295cbfd19e80f) Importer(815301076,1909f56bfc062723c751e8b465ee728b)
Start importing Assets/Tower Defence/Prefabs/tower_defence 1.prefab using Guid(00ca2ed31a30c42449b295cbfd19e80f) Importer(815301076,1909f56bfc062723c751e8b465ee728b)  -> (artifact id: 'df6a88e77aa98c74b98e5fb9ad7dd7ed') in 0.092029 seconds
  Import took 0.097806 seconds .

========================================================================
Received Prepare
Registering precompiled user dll's ...
Registered in 0.001064 seconds.
Begin MonoManager ReloadAssembly
Native extension for WindowsStandalone target not found
Refreshing native plugins compatible for Editor in 0.52 ms, found 0 plugins.
Preloading 0 native plugins for Editor in 0.00 ms.
Invoked RoslynAnalysisRunner static constructor.
RoslynAnalysisRunner will not be running.
RoslynAnalysisRunner has terminated.
Mono: successfully reloaded assembly
- Completed reload, in  1.310 seconds
Platform modules already initialized, skipping
Refreshing native plugins compatible for Editor in 0.49 ms, found 0 plugins.
Preloading 0 native plugins for Editor in 0.00 ms.
Unloading 1229 Unused Serialized files (Serialized files now loaded: 0)
System memory in use before: 103.4 MB.
System memory in use after: 103.2 MB.

Unloading 5 unused Assets to reduce memory usage. Loaded Objects now: 1757.
Total: 2.681200 ms (FindLiveObjects: 0.286700 ms CreateObjectMapping: 0.057200 ms MarkObjects: 1.938100 ms  DeleteObjects: 0.397800 ms)

========================================================================
Received Prepare
Registering precompiled user dll's ...
Registered in 0.016058 seconds.
Begin MonoManager ReloadAssembly
Native extension for WindowsStandalone target not found
Refreshing native plugins compatible for Editor in 0.58 ms, found 0 plugins.
Preloading 0 native plugins for Editor in 0.00 ms.
Invoked RoslynAnalysisRunner static constructor.
RoslynAnalysisRunner will not be running.
RoslynAnalysisRunner has terminated.
Mono: successfully reloaded assembly
- Completed reload, in  2.719 seconds
Platform modules already initialized, skipping
Refreshing native plugins compatible for Editor in 0.74 ms, found 0 plugins.
Preloading 0 native plugins for Editor in 0.00 ms.
Unloading 1229 Unused Serialized files (Serialized files now loaded: 0)
System memory in use before: 103.4 MB.
System memory in use after: 103.2 MB.

Unloading 5 unused Assets to reduce memory usage. Loaded Objects now: 1759.
Total: 44.437300 ms (FindLiveObjects: 15.584700 ms CreateObjectMapping: 1.619900 ms MarkObjects: 26.585200 ms  DeleteObjects: 0.644400 ms)

========================================================================
Received Import Request.
  Time since last request: 1716.095681 seconds.
  path: Assets/Nature Sound FX/Wind/Wind (1) Loop.wav
  artifactKey: Guid(b0f0a88b8267e91409f420bc013f0642) Importer(815301076,1909f56bfc062723c751e8b465ee728b)
Start importing Assets/Nature Sound FX/Wind/Wind (1) Loop.wav using Guid(b0f0a88b8267e91409f420bc013f0642) Importer(815301076,1909f56bfc062723c751e8b465ee728b)  -> (artifact id: 'b27c8c5543b942d806723c19a5ead2c1') in 29.699990 seconds
  Import took 35.538769 seconds .

========================================================================
Received Import Request.
  Time since last request: 7.109828 seconds.
  path: Assets/Nature Sound FX/Wind/Wind (5) Loop.wav
  artifactKey: Guid(a6c623c3ca85e644b80fba553b48b9fb) Importer(815301076,1909f56bfc062723c751e8b465ee728b)
Start importing Assets/Nature Sound FX/Wind/Wind (5) Loop.wav using Guid(a6c623c3ca85e644b80fba553b48b9fb) Importer(815301076,1909f56bfc062723c751e8b465ee728b)  -> (artifact id: '1338bed376edce059fa8b9937b509b7c') in 5.264210 seconds
  Import took 5.269353 seconds .

========================================================================
Received Import Request.
  Time since last request: 0.000068 seconds.
  path: Assets/Nature Sound FX/Wind/Wind (2).wav
  artifactKey: Guid(db129c23f1af60c4ea5a189afb04a719) Importer(815301076,1909f56bfc062723c751e8b465ee728b)
Start importing Assets/Nature Sound FX/Wind/Wind (2).wav using Guid(db129c23f1af60c4ea5a189afb04a719) Importer(815301076,1909f56bfc062723c751e8b465ee728b)  -> (artifact id: '1936e05aa1eb81ddac04457acf0b25ca') in 0.314688 seconds
  Import took 4.403985 seconds .

========================================================================
Received Import Request.
  Time since last request: 0.000064 seconds.
  path: Assets/Nature Sound FX/Wind/Wind (5) Loop.wav
  artifactKey: Guid(a6c623c3ca85e644b80fba553b48b9fb) Importer(815301076,1909f56bfc062723c751e8b465ee728b)
Start importing Assets/Nature Sound FX/Wind/Wind (5) Loop.wav using Guid(a6c623c3ca85e644b80fba553b48b9fb) Importer(815301076,1909f56bfc062723c751e8b465ee728b)  -> (artifact id: '1338bed376edce059fa8b9937b509b7c') in 0.063551 seconds
  Import took 0.110277 seconds .

========================================================================
Received Import Request.
  Time since last request: 0.000446 seconds.
  path: Assets/Nature Sound FX/Wind/Wind (3) Loop.wav
  artifactKey: Guid(b61a804d641650f4fbce1355bf341f24) Importer(815301076,1909f56bfc062723c751e8b465ee728b)
Start importing Assets/Nature Sound FX/Wind/Wind (3) Loop.wav using Guid(b61a804d641650f4fbce1355bf341f24) Importer(815301076,1909f56bfc062723c751e8b465ee728b)  -> (artifact id: 'af737f682cba8cd88456dbeb29760f64') in 0.163551 seconds
  Import took 0.218413 seconds .

========================================================================
Received Import Request.
  Time since last request: 0.000229 seconds.
  path: Assets/Nature Sound FX/Wind/Wind (4) Loop.wav
  artifactKey: Guid(5dc9332973a60134f857335aded1b510) Importer(815301076,1909f56bfc062723c751e8b465ee728b)
Start importing Assets/Nature Sound FX/Wind/Wind (4) Loop.wav using Guid(5dc9332973a60134f857335aded1b510) Importer(815301076,1909f56bfc062723c751e8b465ee728b)  -> (artifact id: '37ab86ecb3c9b742dcab8a6bd212986c') in 0.265749 seconds
  Import took 0.278066 seconds .

========================================================================
Received Import Request.
  Time since last request: 26.087212 seconds.
  path: Assets/Nature Sound FX/Wind/Wind (6) Loop.wav
  artifactKey: Guid(ce9b98ba572ca214e88e53dff27d395b) Importer(815301076,1909f56bfc062723c751e8b465ee728b)
Start importing Assets/Nature Sound FX/Wind/Wind (6) Loop.wav using Guid(ce9b98ba572ca214e88e53dff27d395b) Importer(815301076,1909f56bfc062723c751e8b465ee728b)  -> (artifact id: '4e76ba635e8b3296b347e1b0eae43651') in 0.129763 seconds
  Import took 0.134399 seconds .

========================================================================
Received Import Request.
  Time since last request: 0.000714 seconds.
  path: Assets/Nature Sound FX/Wind/Wind (6) Loop.wav
  artifactKey: Guid(ce9b98ba572ca214e88e53dff27d395b) Importer(815301076,1909f56bfc062723c751e8b465ee728b)
Start importing Assets/Nature Sound FX/Wind/Wind (6) Loop.wav using Guid(ce9b98ba572ca214e88e53dff27d395b) Importer(815301076,1909f56bfc062723c751e8b465ee728b)  -> (artifact id: '4e76ba635e8b3296b347e1b0eae43651') in 0.057091 seconds
  Import took 0.060749 seconds .

========================================================================
Received Import Request.
  Time since last request: 6.054345 seconds.
  path: Assets/Nature Sound FX/Wind/Wind (7).wav
  artifactKey: Guid(29ad41b1d0741e64bb1e43eeccd2358a) Importer(815301076,1909f56bfc062723c751e8b465ee728b)
Start importing Assets/Nature Sound FX/Wind/Wind (7).wav using Guid(29ad41b1d0741e64bb1e43eeccd2358a) Importer(815301076,1909f56bfc062723c751e8b465ee728b)  -> (artifact id: 'a58a2b5f19c2600a9921e58c60d8a042') in 0.184427 seconds
  Import took 0.193785 seconds .

========================================================================
Received Prepare
Registering precompiled user dll's ...
Registered in 0.005470 seconds.
Begin MonoManager ReloadAssembly
Native extension for WindowsStandalone target not found
Refreshing native plugins compatible for Editor in 5.54 ms, found 0 plugins.
Preloading 0 native plugins for Editor in 0.00 ms.
Invoked RoslynAnalysisRunner static constructor.
RoslynAnalysisRunner will not be running.
RoslynAnalysisRunner has terminated.
Mono: successfully reloaded assembly
- Completed reload, in  7.283 seconds
Platform modules already initialized, skipping
Refreshing native plugins compatible for Editor in 1.07 ms, found 0 plugins.
Preloading 0 native plugins for Editor in 0.00 ms.
Unloading 1229 Unused Serialized files (Serialized files now loaded: 0)
System memory in use before: 103.5 MB.
System memory in use after: 103.3 MB.

Unloading 5 unused Assets to reduce memory usage. Loaded Objects now: 1764.
Total: 5.819200 ms (FindLiveObjects: 0.630700 ms CreateObjectMapping: 0.100100 ms MarkObjects: 3.033300 ms  DeleteObjects: 2.051400 ms)

========================================================================
Received Import Request.
  Time since last request: 432.627160 seconds.
  path: Assets/skele.cs
  artifactKey: Guid(1c8980ea9158c284882d9754bb264c39) Importer(815301076,1909f56bfc062723c751e8b465ee728b)
Start importing Assets/skele.cs using Guid(1c8980ea9158c284882d9754bb264c39) Importer(815301076,1909f56bfc062723c751e8b465ee728b)  -> (artifact id: '991d47e50a7d69e6764b5f69d96d42df') in 0.185973 seconds
  Import took 0.240557 seconds .

AssetImportWorkerClient::OnTransportError - code=2 error=End of file
